This is pdfTeX, Version 3.14159265-2.6-1.40.21 (MiKTeX 2.9.7300 64-bit) (preloaded format=pdflatex 2020.2.24)  25 FEB 2020 11:52
entering extended mode
**./all_counties_markdown.tex
(all_counties_markdown.tex
LaTeX2e <2020-02-02> patch level 3
L3 programming layer <2020-02-21>
("C:\Users\PaulCollins\AppData\Local\Programs\MiKTeX 2.9\tex/latex/base\article
.cls"
Document Class: article 2019/12/20 v1.4l Standard LaTeX document class

("C:\Users\PaulCollins\AppData\Local\Programs\MiKTeX 2.9\tex/latex/base\size10.
clo"
File: size10.clo 2019/12/20 v1.4l Standard LaTeX file (size option)
)
\c@part=\count167
\c@section=\count168
\c@subsection=\count169
\c@subsubsection=\count170
\c@paragraph=\count171
\c@subparagraph=\count172
\c@figure=\count173
\c@table=\count174
\abovecaptionskip=\skip47
\belowcaptionskip=\skip48
\bibindent=\dimen134
)
("C:\Users\PaulCollins\AppData\Local\Programs\MiKTeX 2.9\tex/latex/lm\lmodern.s
ty"
Package: lmodern 2009/10/30 v1.6 Latin Modern Fonts
LaTeX Font Info:    Overwriting symbol font `operators' in version `normal'
(Font)                  OT1/cmr/m/n --> OT1/lmr/m/n on input line 22.
LaTeX Font Info:    Overwriting symbol font `letters' in version `normal'
(Font)                  OML/cmm/m/it --> OML/lmm/m/it on input line 23.
LaTeX Font Info:    Overwriting symbol font `symbols' in version `normal'
(Font)                  OMS/cmsy/m/n --> OMS/lmsy/m/n on input line 24.
LaTeX Font Info:    Overwriting symbol font `largesymbols' in version `normal'
(Font)                  OMX/cmex/m/n --> OMX/lmex/m/n on input line 25.
LaTeX Font Info:    Overwriting symbol font `operators' in version `bold'
(Font)                  OT1/cmr/bx/n --> OT1/lmr/bx/n on input line 26.
LaTeX Font Info:    Overwriting symbol font `letters' in version `bold'
(Font)                  OML/cmm/b/it --> OML/lmm/b/it on input line 27.
LaTeX Font Info:    Overwriting symbol font `symbols' in version `bold'
(Font)                  OMS/cmsy/b/n --> OMS/lmsy/b/n on input line 28.
LaTeX Font Info:    Overwriting symbol font `largesymbols' in version `bold'
(Font)                  OMX/cmex/m/n --> OMX/lmex/m/n on input line 29.
LaTeX Font Info:    Overwriting math alphabet `\mathbf' in version `normal'
(Font)                  OT1/cmr/bx/n --> OT1/lmr/bx/n on input line 31.
LaTeX Font Info:    Overwriting math alphabet `\mathsf' in version `normal'
(Font)                  OT1/cmss/m/n --> OT1/lmss/m/n on input line 32.
LaTeX Font Info:    Overwriting math alphabet `\mathit' in version `normal'
(Font)                  OT1/cmr/m/it --> OT1/lmr/m/it on input line 33.
LaTeX Font Info:    Overwriting math alphabet `\mathtt' in version `normal'
(Font)                  OT1/cmtt/m/n --> OT1/lmtt/m/n on input line 34.
LaTeX Font Info:    Overwriting math alphabet `\mathbf' in version `bold'
(Font)                  OT1/cmr/bx/n --> OT1/lmr/bx/n on input line 35.
LaTeX Font Info:    Overwriting math alphabet `\mathsf' in version `bold'
(Font)                  OT1/cmss/bx/n --> OT1/lmss/bx/n on input line 36.
LaTeX Font Info:    Overwriting math alphabet `\mathit' in version `bold'
(Font)                  OT1/cmr/bx/it --> OT1/lmr/bx/it on input line 37.
LaTeX Font Info:    Overwriting math alphabet `\mathtt' in version `bold'
(Font)                  OT1/cmtt/m/n --> OT1/lmtt/m/n on input line 38.
)
("C:\Users\PaulCollins\AppData\Local\Programs\MiKTeX 2.9\tex/latex/amsfonts\ams
symb.sty"
Package: amssymb 2013/01/14 v3.01 AMS font symbols

("C:\Users\PaulCollins\AppData\Local\Programs\MiKTeX 2.9\tex/latex/amsfonts\ams
fonts.sty"
Package: amsfonts 2013/01/14 v3.01 Basic AMSFonts support
\@emptytoks=\toks14
\symAMSa=\mathgroup4
\symAMSb=\mathgroup5
LaTeX Font Info:    Redeclaring math symbol \hbar on input line 98.
LaTeX Font Info:    Overwriting math alphabet `\mathfrak' in version `bold'
(Font)                  U/euf/m/n --> U/euf/b/n on input line 106.
))
("C:\Users\PaulCollins\AppData\Local\Programs\MiKTeX 2.9\tex/latex/amsmath\amsm
ath.sty"
Package: amsmath 2020/01/20 v2.17e AMS math features
\@mathmargin=\skip49
For additional information on amsmath, use the `?' option.

("C:\Users\PaulCollins\AppData\Local\Programs\MiKTeX 2.9\tex/latex/amsmath\amst
ext.sty"
Package: amstext 2000/06/29 v2.01 AMS text

("C:\Users\PaulCollins\AppData\Local\Programs\MiKTeX 2.9\tex/latex/amsmath\amsg
en.sty"
File: amsgen.sty 1999/11/30 v2.0 generic functions
\@emptytoks=\toks15
\ex@=\dimen135
))
("C:\Users\PaulCollins\AppData\Local\Programs\MiKTeX 2.9\tex/latex/amsmath\amsb
sy.sty"
Package: amsbsy 1999/11/29 v1.2d Bold Symbols
\pmbraise@=\dimen136
)
("C:\Users\PaulCollins\AppData\Local\Programs\MiKTeX 2.9\tex/latex/amsmath\amso
pn.sty"
Package: amsopn 2016/03/08 v2.02 operator names
)
\inf@bad=\count175
LaTeX Info: Redefining \frac on input line 227.
\uproot@=\count176
\leftroot@=\count177
LaTeX Info: Redefining \overline on input line 389.
\classnum@=\count178
\DOTSCASE@=\count179
LaTeX Info: Redefining \ldots on input line 486.
LaTeX Info: Redefining \dots on input line 489.
LaTeX Info: Redefining \cdots on input line 610.
\Mathstrutbox@=\box45
\strutbox@=\box46
\big@size=\dimen137
LaTeX Font Info:    Redeclaring font encoding OML on input line 733.
LaTeX Font Info:    Redeclaring font encoding OMS on input line 734.
\macc@depth=\count180
\c@MaxMatrixCols=\count181
\dotsspace@=\muskip16
\c@parentequation=\count182
\dspbrk@lvl=\count183
\tag@help=\toks16
\row@=\count184
\column@=\count185
\maxfields@=\count186
\andhelp@=\toks17
\eqnshift@=\dimen138
\alignsep@=\dimen139
\tagshift@=\dimen140
\tagwidth@=\dimen141
\totwidth@=\dimen142
\lineht@=\dimen143
\@envbody=\toks18
\multlinegap=\skip50
\multlinetaggap=\skip51
\mathdisplay@stack=\toks19
LaTeX Info: Redefining \[ on input line 2859.
LaTeX Info: Redefining \] on input line 2860.
)
("C:\Users\PaulCollins\AppData\Local\Programs\MiKTeX 2.9\tex/generic/iftex\ifxe
tex.sty"
Package: ifxetex 2019/10/25 v0.7 ifxetex legacy package. Use iftex instead.

("C:\Users\PaulCollins\AppData\Local\Programs\MiKTeX 2.9\tex/generic/iftex\ifte
x.sty"
Package: iftex 2019/11/07 v1.0c TeX engine tests
))
("C:\Users\PaulCollins\AppData\Local\Programs\MiKTeX 2.9\tex/generic/iftex\iflu
atex.sty"
Package: ifluatex 2019/10/25 v1.5 ifluatex legacy package. Use iftex instead.
)
("C:\Users\PaulCollins\AppData\Local\Programs\MiKTeX 2.9\tex/latex/base\fontenc
.sty"
Package: fontenc 2020/02/11 v2.0o Standard LaTeX package
LaTeX Font Info:    Trying to load font information for T1+lmr on input line 11
2.
("C:\Users\PaulCollins\AppData\Local\Programs\MiKTeX 2.9\tex/latex/lm\t1lmr.fd"
File: t1lmr.fd 2009/10/30 v1.6 Font defs for Latin Modern
))
("C:\Users\PaulCollins\AppData\Local\Programs\MiKTeX 2.9\tex/latex/base\inputen
c.sty"
Package: inputenc 2018/08/11 v1.3c Input encoding file
\inpenc@prehook=\toks20
\inpenc@posthook=\toks21
)
("C:\Users\PaulCollins\AppData\Local\Programs\MiKTeX 2.9\tex/latex/base\textcom
p.sty"
Package: textcomp 2020/02/02 v2.0n Standard LaTeX package
)
("C:\Users\PaulCollins\AppData\Local\Programs\MiKTeX 2.9\tex/latex/upquote\upqu
ote.sty"
Package: upquote 2012/04/19 v1.3 upright-quote and grave-accent glyphs in verba
tim
)
("C:\Users\PaulCollins\AppData\Local\Programs\MiKTeX 2.9\tex/latex/microtype\mi
crotype.sty"
Package: microtype 2019/11/18 v2.7d Micro-typographical refinements (RS)

("C:\Users\PaulCollins\AppData\Local\Programs\MiKTeX 2.9\tex/latex/graphics\key
val.sty"
Package: keyval 2014/10/28 v1.15 key=value parser (DPC)
\KV@toks@=\toks22
)
\MT@toks=\toks23
\MT@count=\count187
LaTeX Info: Redefining \textls on input line 790.
\MT@outer@kern=\dimen144
LaTeX Info: Redefining \textmicrotypecontext on input line 1354.
\MT@listname@count=\count188

("C:\Users\PaulCollins\AppData\Local\Programs\MiKTeX 2.9\tex/latex/microtype\mi
crotype-pdftex.def"
File: microtype-pdftex.def 2019/11/18 v2.7d Definitions specific to pdftex (RS)

LaTeX Info: Redefining \lsstyle on input line 914.
LaTeX Info: Redefining \lslig on input line 914.
\MT@outer@space=\skip52
)
Package microtype Info: Loading configuration file microtype.cfg.

("C:\Users\PaulCollins\AppData\Local\Programs\MiKTeX 2.9\tex/latex/microtype\mi
crotype.cfg"
File: microtype.cfg 2019/11/18 v2.7d microtype main configuration file (RS)
))
("C:\Users\PaulCollins\AppData\Local\Programs\MiKTeX 2.9\tex/latex/parskip\pars
kip.sty"
Package: parskip 2020-01-22 v2.0d non-zero parskip adjustments

("C:\Users\PaulCollins\AppData\Local\Programs\MiKTeX 2.9\tex/latex/kvoptions\kv
options.sty"
Package: kvoptions 2019/11/29 v3.13 Key value format for package options (HO)

("C:\Users\PaulCollins\AppData\Local\Programs\MiKTeX 2.9\tex/generic/ltxcmds\lt
xcmds.sty"
Package: ltxcmds 2019/12/15 v1.24 LaTeX kernel commands for general use (HO)
)
("C:\Users\PaulCollins\AppData\Local\Programs\MiKTeX 2.9\tex/generic/kvsetkeys\
kvsetkeys.sty"
Package: kvsetkeys 2019/12/15 v1.18 Key value parser (HO)
))
("C:\Users\PaulCollins\AppData\Local\Programs\MiKTeX 2.9\tex/latex/etoolbox\eto
olbox.sty"
Package: etoolbox 2019/09/21 v2.5h e-TeX tools for LaTeX (JAW)
\etb@tempcnta=\count189
))
("C:\Users\PaulCollins\AppData\Local\Programs\MiKTeX 2.9\tex/latex/xcolor\xcolo
r.sty"
Package: xcolor 2016/05/11 v2.12 LaTeX color extensions (UK)

("C:\Users\PaulCollins\AppData\Local\Programs\MiKTeX 2.9\tex/latex/graphics-cfg
\color.cfg"
File: color.cfg 2016/01/02 v1.6 sample color configuration
)
Package xcolor Info: Driver file: pdftex.def on input line 225.

("C:\Users\PaulCollins\AppData\Local\Programs\MiKTeX 2.9\tex/latex/graphics-def
\pdftex.def"
File: pdftex.def 2018/01/08 v1.0l Graphics/color driver for pdftex
)
Package xcolor Info: Model `cmy' substituted by `cmy0' on input line 1348.
Package xcolor Info: Model `hsb' substituted by `rgb' on input line 1352.
Package xcolor Info: Model `RGB' extended on input line 1364.
Package xcolor Info: Model `HTML' substituted by `rgb' on input line 1366.
Package xcolor Info: Model `Hsb' substituted by `hsb' on input line 1367.
Package xcolor Info: Model `tHsb' substituted by `hsb' on input line 1368.
Package xcolor Info: Model `HSB' substituted by `hsb' on input line 1369.
Package xcolor Info: Model `Gray' substituted by `gray' on input line 1370.
Package xcolor Info: Model `wave' substituted by `hsb' on input line 1371.
)
("C:\Users\PaulCollins\AppData\Local\Programs\MiKTeX 2.9\tex/latex/xurl\xurl.st
y"
Package: xurl 2020/01/24 v 0.09 modify URL breaks
("C:\Users\PaulCollins\AppData\Local\Programs\MiKTeX 2.9\tex/latex/url\url.sty"
\Urlmuskip=\muskip17
Package: url 2013/09/16  ver 3.4  Verb mode for urls, etc.
))
("C:\Users\PaulCollins\AppData\Local\Programs\MiKTeX 2.9\tex/latex/bookmark\boo
kmark.sty"
Package: bookmark 2019/12/03 v1.28 PDF bookmarks (HO)

("C:\Users\PaulCollins\AppData\Local\Programs\MiKTeX 2.9\tex/latex/hyperref\hyp
erref.sty"
Package: hyperref 2020/01/14 v7.00d Hypertext links for LaTeX

("C:\Users\PaulCollins\AppData\Local\Programs\MiKTeX 2.9\tex/latex/pdftexcmds\p
dftexcmds.sty"
Package: pdftexcmds 2019/11/24 v0.31 Utility functions of pdfTeX for LuaTeX (HO
)

("C:\Users\PaulCollins\AppData\Local\Programs\MiKTeX 2.9\tex/generic/infwarerr\
infwarerr.sty"
Package: infwarerr 2019/12/03 v1.5 Providing info/warning/error messages (HO)
)
Package pdftexcmds Info: \pdf@primitive is available.
Package pdftexcmds Info: \pdf@ifprimitive is available.
Package pdftexcmds Info: \pdfdraftmode found.
)
("C:\Users\PaulCollins\AppData\Local\Programs\MiKTeX 2.9\tex/generic/kvdefineke
ys\kvdefinekeys.sty"
Package: kvdefinekeys 2019-12-19 v1.6 Define keys (HO)
)
("C:\Users\PaulCollins\AppData\Local\Programs\MiKTeX 2.9\tex/generic/pdfescape\
pdfescape.sty"
Package: pdfescape 2019/12/09 v1.15 Implements pdfTeX's escape features (HO)
)
("C:\Users\PaulCollins\AppData\Local\Programs\MiKTeX 2.9\tex/latex/hycolor\hyco
lor.sty"
Package: hycolor 2020-01-27 v1.10 Color options for hyperref/bookmark (HO)
)
("C:\Users\PaulCollins\AppData\Local\Programs\MiKTeX 2.9\tex/latex/letltxmacro\
letltxmacro.sty"
Package: letltxmacro 2019/12/03 v1.6 Let assignment for LaTeX macros (HO)
)
("C:\Users\PaulCollins\AppData\Local\Programs\MiKTeX 2.9\tex/latex/auxhook\auxh
ook.sty"
Package: auxhook 2019-12-17 v1.6 Hooks for auxiliary files (HO)
)
\@linkdim=\dimen145
\Hy@linkcounter=\count190
\Hy@pagecounter=\count191

("C:\Users\PaulCollins\AppData\Local\Programs\MiKTeX 2.9\tex/latex/hyperref\pd1
enc.def"
File: pd1enc.def 2020/01/14 v7.00d Hyperref: PDFDocEncoding definition (HO)
Now handling font encoding PD1 ...
... no UTF-8 mapping file for font encoding PD1
)
("C:\Users\PaulCollins\AppData\Local\Programs\MiKTeX 2.9\tex/generic/intcalc\in
tcalc.sty"
Package: intcalc 2019/12/15 v1.3 Expandable calculations with integers (HO)
)
("C:\Users\PaulCollins\AppData\Local\Programs\MiKTeX 2.9\tex/generic/etexcmds\e
texcmds.sty"
Package: etexcmds 2019/12/15 v1.7 Avoid name clashes with e-TeX commands (HO)
)
\Hy@SavedSpaceFactor=\count192
Package hyperref Info: Option `unicode' set `true' on input line 4421.

("C:\Users\PaulCollins\AppData\Local\Programs\MiKTeX 2.9\tex/latex/hyperref\pue
nc.def"
File: puenc.def 2020/01/14 v7.00d Hyperref: PDF Unicode definition (HO)
Now handling font encoding PU ...
... no UTF-8 mapping file for font encoding PU
)
Package hyperref Info: Hyper figures OFF on input line 4547.
Package hyperref Info: Link nesting OFF on input line 4552.
Package hyperref Info: Hyper index ON on input line 4555.
Package hyperref Info: Plain pages OFF on input line 4562.
Package hyperref Info: Backreferencing OFF on input line 4567.
Package hyperref Info: Implicit mode ON; LaTeX internals redefined.
Package hyperref Info: Bookmarks ON on input line 4800.
\c@Hy@tempcnt=\count193
LaTeX Info: Redefining \url on input line 5159.
\XeTeXLinkMargin=\dimen146

("C:\Users\PaulCollins\AppData\Local\Programs\MiKTeX 2.9\tex/generic/bitset\bit
set.sty"
Package: bitset 2019/12/09 v1.3 Handle bit-vector datatype (HO)

("C:\Users\PaulCollins\AppData\Local\Programs\MiKTeX 2.9\tex/generic/bigintcalc
\bigintcalc.sty"
Package: bigintcalc 2019/12/15 v1.5 Expandable calculations on big integers (HO
)
))
\Fld@menulength=\count194
\Field@Width=\dimen147
\Fld@charsize=\dimen148
Package hyperref Info: Hyper figures OFF on input line 6430.
Package hyperref Info: Link nesting OFF on input line 6435.
Package hyperref Info: Hyper index ON on input line 6438.
Package hyperref Info: backreferencing OFF on input line 6445.
Package hyperref Info: Link coloring OFF on input line 6450.
Package hyperref Info: Link coloring with OCG OFF on input line 6455.
Package hyperref Info: PDF/A mode OFF on input line 6460.
LaTeX Info: Redefining \ref on input line 6500.
LaTeX Info: Redefining \pageref on input line 6504.

("C:\Users\PaulCollins\AppData\Local\Programs\MiKTeX 2.9\tex/generic/atbegshi\a
tbegshi.sty"
Package: atbegshi 2019/12/05 v1.19 At begin shipout hook (HO)
)
\Hy@abspage=\count195
\c@Item=\count196
\c@Hfootnote=\count197
)
Package hyperref Info: Driver (autodetected): hpdftex.

("C:\Users\PaulCollins\AppData\Local\Programs\MiKTeX 2.9\tex/latex/hyperref\hpd
ftex.def"
File: hpdftex.def 2020/01/14 v7.00d Hyperref driver for pdfTeX

("C:\Users\PaulCollins\AppData\Local\Programs\MiKTeX 2.9\tex/latex/atveryend\at
veryend.sty"
Package: atveryend 2019-12-11 v1.11 Hooks at the very end of document (HO)
)
\Fld@listcount=\count198
\c@bookmark@seq@number=\count199

("C:\Users\PaulCollins\AppData\Local\Programs\MiKTeX 2.9\tex/latex/rerunfileche
ck\rerunfilecheck.sty"
Package: rerunfilecheck 2019/12/05 v1.9 Rerun checks for auxiliary files (HO)

("C:\Users\PaulCollins\AppData\Local\Programs\MiKTeX 2.9\tex/generic/uniquecoun
ter\uniquecounter.sty"
Package: uniquecounter 2019/12/15 v1.4 Provide unlimited unique counter (HO)
)
Package uniquecounter Info: New unique counter `rerunfilecheck' on input line 2
86.
)
\Hy@SectionHShift=\skip53
)
("C:\Users\PaulCollins\AppData\Local\Programs\MiKTeX 2.9\tex/latex/bookmark\bkm
-pdftex.def"
File: bkm-pdftex.def 2019/12/03 v1.28 bookmark driver for pdfTeX (HO)
\BKM@id=\count266
))
("C:\Users\PaulCollins\AppData\Local\Programs\MiKTeX 2.9\tex/latex/geometry\geo
metry.sty"
Package: geometry 2020/01/02 v5.9 Page Geometry

("C:\Users\PaulCollins\AppData\Local\Programs\MiKTeX 2.9\tex/generic/iftex\ifvt
ex.sty"
Package: ifvtex 2019/10/25 v1.7 ifvtex legacy package. Use iftex instead.
)
\Gm@cnth=\count267
\Gm@cntv=\count268
\c@Gm@tempcnt=\count269
\Gm@bindingoffset=\dimen149
\Gm@wd@mp=\dimen150
\Gm@odd@mp=\dimen151
\Gm@even@mp=\dimen152
\Gm@layoutwidth=\dimen153
\Gm@layoutheight=\dimen154
\Gm@layouthoffset=\dimen155
\Gm@layoutvoffset=\dimen156
\Gm@dimlist=\toks24

("C:\Users\PaulCollins\AppData\Local\Programs\MiKTeX 2.9\tex/latex/geometry\geo
metry.cfg"))
("C:\Users\PaulCollins\AppData\Local\Programs\MiKTeX 2.9\tex/latex/tools\longta
ble.sty"
Package: longtable 2020/01/07 v4.13 Multi-page Table package (DPC)
\LTleft=\skip54
\LTright=\skip55
\LTpre=\skip56
\LTpost=\skip57
\LTchunksize=\count270
\LTcapwidth=\dimen157
\LT@head=\box47
\LT@firsthead=\box48
\LT@foot=\box49
\LT@lastfoot=\box50
\LT@cols=\count271
\LT@rows=\count272
\c@LT@tables=\count273
\c@LT@chunks=\count274
\LT@p@ftn=\toks25
)
("C:\Users\PaulCollins\AppData\Local\Programs\MiKTeX 2.9\tex/latex/booktabs\boo
ktabs.sty"
Package: booktabs 2020/01/12 v1.61803398 Publication quality tables
\heavyrulewidth=\dimen158
\lightrulewidth=\dimen159
\cmidrulewidth=\dimen160
\belowrulesep=\dimen161
\belowbottomsep=\dimen162
\aboverulesep=\dimen163
\abovetopsep=\dimen164
\cmidrulesep=\dimen165
\cmidrulekern=\dimen166
\defaultaddspace=\dimen167
\@cmidla=\count275
\@cmidlb=\count276
\@aboverulesep=\dimen168
\@belowrulesep=\dimen169
\@thisruleclass=\count277
\@lastruleclass=\count278
\@thisrulewidth=\dimen170
)
("C:\Users\PaulCollins\AppData\Local\Programs\MiKTeX 2.9\tex/latex/footnotehype
r\footnotehyper.sty"
Package: footnotehyper 2019/11/07 v1.1a hyperref aware footnote.sty (JFB)
\FNH@notes=\box51
\FNH@width=\dimen171
)
("C:\Users\PaulCollins\AppData\Local\Programs\MiKTeX 2.9\tex/latex/graphics\gra
phicx.sty"
Package: graphicx 2019/11/30 v1.2a Enhanced LaTeX Graphics (DPC,SPQR)

("C:\Users\PaulCollins\AppData\Local\Programs\MiKTeX 2.9\tex/latex/graphics\gra
phics.sty"
Package: graphics 2019/11/30 v1.4a Standard LaTeX Graphics (DPC,SPQR)

("C:\Users\PaulCollins\AppData\Local\Programs\MiKTeX 2.9\tex/latex/graphics\tri
g.sty"
Package: trig 2016/01/03 v1.10 sin cos tan (DPC)
)
("C:\Users\PaulCollins\AppData\Local\Programs\MiKTeX 2.9\tex/latex/graphics-cfg
\graphics.cfg"
File: graphics.cfg 2016/06/04 v1.11 sample graphics configuration
)
Package graphics Info: Driver file: pdftex.def on input line 105.
)
\Gin@req@height=\dimen172
\Gin@req@width=\dimen173
)
("C:\Users\PaulCollins\AppData\Local\Programs\MiKTeX 2.9\tex/latex/grffile\grff
ile.sty"
Package: grffile 2019/11/11 v2.1 Extended file name support for graphics (legac
y)
Package grffile Info: This package is an empty stub for compatibility on input 
line 40.
)
("C:\Users\PaulCollins\AppData\Local\Programs\MiKTeX 2.9\tex/latex/l3backend\l3
backend-pdfmode.def"
File: l3backend-pdfmode.def 2020-02-21 L3 backend support: PDF mode
\l__kernel_color_stack_int=\count279
\l__pdf_internal_box=\box52
)
No file all_counties_markdown.aux.
\openout1 = `all_counties_markdown.aux'.

LaTeX Font Info:    Checking defaults for OML/cmm/m/it on input line 77.
LaTeX Font Info:    ... okay on input line 77.
LaTeX Font Info:    Checking defaults for OMS/cmsy/m/n on input line 77.
LaTeX Font Info:    ... okay on input line 77.
LaTeX Font Info:    Checking defaults for OT1/cmr/m/n on input line 77.
LaTeX Font Info:    ... okay on input line 77.
LaTeX Font Info:    Checking defaults for T1/cmr/m/n on input line 77.
LaTeX Font Info:    ... okay on input line 77.
LaTeX Font Info:    Checking defaults for TS1/cmr/m/n on input line 77.
LaTeX Font Info:    ... okay on input line 77.
LaTeX Font Info:    Checking defaults for OMX/cmex/m/n on input line 77.
LaTeX Font Info:    ... okay on input line 77.
LaTeX Font Info:    Checking defaults for U/cmr/m/n on input line 77.
LaTeX Font Info:    ... okay on input line 77.
LaTeX Font Info:    Checking defaults for PD1/pdf/m/n on input line 77.
LaTeX Font Info:    ... okay on input line 77.
LaTeX Font Info:    Checking defaults for PU/pdf/m/n on input line 77.
LaTeX Font Info:    ... okay on input line 77.
LaTeX Info: Redefining \microtypecontext on input line 77.
Package microtype Info: Generating PDF output.
Package microtype Info: Character protrusion enabled (level 2).
Package microtype Info: Using protrusion set `basicmath'.
Package microtype Info: Automatic font expansion enabled (level 2),
(microtype)             stretch: 20, shrink: 20, step: 1, non-selected.
Package microtype Info: Using default expansion set `basictext'.
LaTeX Info: Redefining \showhyphens on input line 77.
Package microtype Info: No adjustment of tracking.
Package microtype Info: No adjustment of interword spacing.
Package microtype Info: No adjustment of character kerning.

("C:\Users\PaulCollins\AppData\Local\Programs\MiKTeX 2.9\tex/latex/microtype\mt
-cmr.cfg"
File: mt-cmr.cfg 2013/05/19 v2.2 microtype config. file: Computer Modern Roman 
(RS)
)
("C:\Users\PaulCollins\AppData\Local\Programs\MiKTeX 2.9\tex/context/base/mkii\
supp-pdf.mkii"
[Loading MPS to PDF converter (version 2006.09.02).]
\scratchcounter=\count280
\scratchdimen=\dimen174
\scratchbox=\box53
\nofMPsegments=\count281
\nofMParguments=\count282
\everyMPshowfont=\toks26
\MPscratchCnt=\count283
\MPscratchDim=\dimen175
\MPnumerator=\count284
\makeMPintoPDFobject=\count285
\everyMPtoPDFconversion=\toks27
)
("C:\Users\PaulCollins\AppData\Local\Programs\MiKTeX 2.9\tex/latex/epstopdf-pkg
\epstopdf-base.sty"
Package: epstopdf-base 2020-01-24 v2.11 Base part for package epstopdf
Package epstopdf-base Info: Redefining graphics rule for `.eps' on input line 4
85.
)
\AtBeginShipoutBox=\box54
Package hyperref Info: Link coloring OFF on input line 77.

("C:\Users\PaulCollins\AppData\Local\Programs\MiKTeX 2.9\tex/latex/hyperref\nam
eref.sty"
Package: nameref 2019/09/16 v2.46 Cross-referencing by name of section

("C:\Users\PaulCollins\AppData\Local\Programs\MiKTeX 2.9\tex/latex/refcount\ref
count.sty"
Package: refcount 2019/12/15 v3.6 Data extraction from label references (HO)
)
("C:\Users\PaulCollins\AppData\Local\Programs\MiKTeX 2.9\tex/generic/gettitlest
ring\gettitlestring.sty"
Package: gettitlestring 2019/12/15 v1.6 Cleanup title references (HO)
)
\c@section@level=\count286
)
LaTeX Info: Redefining \ref on input line 77.
LaTeX Info: Redefining \pageref on input line 77.
LaTeX Info: Redefining \nameref on input line 77.
*geometry* driver: auto-detecting
*geometry* detected driver: pdftex
*geometry* verbose mode - [ preamble ] result:
* driver: pdftex
* paper: <default>
* layout: <same size as paper>
* layoutoffset:(h,v)=(0.0pt,0.0pt)
* modes: 
* h-part:(L,W,R)=(72.26999pt, 469.75502pt, 72.26999pt)
* v-part:(T,H,B)=(72.26999pt, 650.43001pt, 72.26999pt)
* \paperwidth=614.295pt
* \paperheight=794.96999pt
* \textwidth=469.75502pt
* \textheight=650.43001pt
* \oddsidemargin=0.0pt
* \evensidemargin=0.0pt
* \topmargin=-37.0pt
* \headheight=12.0pt
* \headsep=25.0pt
* \topskip=10.0pt
* \footskip=30.0pt
* \marginparwidth=65.0pt
* \marginparsep=11.0pt
* \columnsep=10.0pt
* \skip\footins=9.0pt plus 4.0pt minus 2.0pt
* \hoffset=0.0pt
* \voffset=0.0pt
* \mag=1000
* \@twocolumnfalse
* \@twosidefalse
* \@mparswitchfalse
* \@reversemarginfalse
* (1in=72.27pt=25.4mm, 1cm=28.453pt)

LaTeX Font Info:    Trying to load font information for OT1+lmr on input line 7
9.
("C:\Users\PaulCollins\AppData\Local\Programs\MiKTeX 2.9\tex/latex/lm\ot1lmr.fd
"
File: ot1lmr.fd 2009/10/30 v1.6 Font defs for Latin Modern
)
LaTeX Font Info:    Trying to load font information for OML+lmm on input line 7
9.
("C:\Users\PaulCollins\AppData\Local\Programs\MiKTeX 2.9\tex/latex/lm\omllmm.fd
"
File: omllmm.fd 2009/10/30 v1.6 Font defs for Latin Modern
)
LaTeX Font Info:    Trying to load font information for OMS+lmsy on input line 
79.

("C:\Users\PaulCollins\AppData\Local\Programs\MiKTeX 2.9\tex/latex/lm\omslmsy.f
d"
File: omslmsy.fd 2009/10/30 v1.6 Font defs for Latin Modern
)
LaTeX Font Info:    Trying to load font information for OMX+lmex on input line 
79.

("C:\Users\PaulCollins\AppData\Local\Programs\MiKTeX 2.9\tex/latex/lm\omxlmex.f
d"
File: omxlmex.fd 2009/10/30 v1.6 Font defs for Latin Modern
)
LaTeX Font Info:    External font `lmex10' loaded for size
(Font)              <12> on input line 79.
LaTeX Font Info:    External font `lmex10' loaded for size
(Font)              <8> on input line 79.
LaTeX Font Info:    External font `lmex10' loaded for size
(Font)              <6> on input line 79.
LaTeX Font Info:    Trying to load font information for U+msa on input line 79.


("C:\Users\PaulCollins\AppData\Local\Programs\MiKTeX 2.9\tex/latex/amsfonts\ums
a.fd"
File: umsa.fd 2013/01/14 v3.01 AMS symbols A
)
("C:\Users\PaulCollins\AppData\Local\Programs\MiKTeX 2.9\tex/latex/microtype\mt
-msa.cfg"
File: mt-msa.cfg 2006/02/04 v1.1 microtype config. file: AMS symbols (a) (RS)
)
LaTeX Font Info:    Trying to load font information for U+msb on input line 79.


("C:\Users\PaulCollins\AppData\Local\Programs\MiKTeX 2.9\tex/latex/amsfonts\ums
b.fd"
File: umsb.fd 2013/01/14 v3.01 AMS symbols B
)
("C:\Users\PaulCollins\AppData\Local\Programs\MiKTeX 2.9\tex/latex/microtype\mt
-msb.cfg"
File: mt-msb.cfg 2005/06/01 v1.0 microtype config. file: AMS symbols (b) (RS)
)
<all_counties_markdown_files/figure-latex/data for data tables-1.pdf, id=3, 100
3.75pt x 840.13875pt>
File: all_counties_markdown_files/figure-latex/data for data tables-1.pdf Graph
ic file (type pdf)
<use all_counties_markdown_files/figure-latex/data for data tables-1.pdf>
Package pdftex.def Info: all_counties_markdown_files/figure-latex/data for data
 tables-1.pdf  used on input line 102.
(pdftex.def)             Requested size: 469.75618pt x 393.18591pt.

Overfull \hbox (23.39722pt too wide) in alignment at lines 104--109
 [] [] [] [] [] 
 []


Overfull \hbox (58.1337pt too wide) in alignment at lines 109--128
 [] [] [] [] [] 
 []

[1

{C:/Users/PaulCollins/AppData/Local/MiKTeX/2.9/pdftex/config/pdftex.map}]

Package longtable Warning: Column widths have changed
(longtable)                in table 1 on input line 128.

[2 <./all_counties_markdown_files/figure-latex/data for data tables-1.pdf>]
<all_counties_markdown_files/figure-latex/median age map-1.pdf, id=58, 469.755p
t x 325.215pt>
File: all_counties_markdown_files/figure-latex/median age map-1.pdf Graphic fil
e (type pdf)
<use all_counties_markdown_files/figure-latex/median age map-1.pdf>
Package pdftex.def Info: all_counties_markdown_files/figure-latex/median age ma
p-1.pdf  used on input line 133.
(pdftex.def)             Requested size: 469.75386pt x 325.2142pt.
<all_counties_markdown_files/figure-latex/Racial Demographics-1.pdf, id=59, 100
3.75pt x 840.13875pt>
File: all_counties_markdown_files/figure-latex/Racial Demographics-1.pdf Graphi
c file (type pdf)
<use all_counties_markdown_files/figure-latex/Racial Demographics-1.pdf>
Package pdftex.def Info: all_counties_markdown_files/figure-latex/Racial Demogr
aphics-1.pdf  used on input line 138.
(pdftex.def)             Requested size: 469.75618pt x 393.18591pt.
<all_counties_markdown_files/figure-latex/Racial Demographics-2.pdf, id=60, 100
3.75pt x 699.61375pt>
File: all_counties_markdown_files/figure-latex/Racial Demographics-2.pdf Graphi
c file (type pdf)
<use all_counties_markdown_files/figure-latex/Racial Demographics-2.pdf>
Package pdftex.def Info: all_counties_markdown_files/figure-latex/Racial Demogr
aphics-2.pdf  used on input line 139.
(pdftex.def)             Requested size: 469.75618pt x 327.42006pt.
<all_counties_markdown_files/figure-latex/Racial Demographics-3.pdf, id=61, 100
3.75pt x 582.175pt>
File: all_counties_markdown_files/figure-latex/Racial Demographics-3.pdf Graphi
c file (type pdf)
<use all_counties_markdown_files/figure-latex/Racial Demographics-3.pdf>
Package pdftex.def Info: all_counties_markdown_files/figure-latex/Racial Demogr
aphics-3.pdf  used on input line 140.
(pdftex.def)             Requested size: 469.75618pt x 272.45857pt.
[3 <./all_counties_markdown_files/figure-latex/median age map-1.pdf>]
Overfull \vbox (94.8786pt too high) has occurred while \output is active []

[4 <./all_counties_markdown_files/figure-latex/Racial Demographics-1.pdf> <./al
l_counties_markdown_files/figure-latex/Racial Demographics-2.pdf>]
<all_counties_markdown_files/figure-latex/white people map-1.pdf, id=272, 469.7
55pt x 325.215pt>
File: all_counties_markdown_files/figure-latex/white people map-1.pdf Graphic f
ile (type pdf)
<use all_counties_markdown_files/figure-latex/white people map-1.pdf>
Package pdftex.def Info: all_counties_markdown_files/figure-latex/white people 
map-1.pdf  used on input line 146.
(pdftex.def)             Requested size: 469.75386pt x 325.2142pt.
[5 <./all_counties_markdown_files/figure-latex/Racial Demographics-3.pdf> <./al
l_counties_markdown_files/figure-latex/white people map-1.pdf>]
<all_counties_markdown_files/figure-latex/household characteristics-1.pdf, id=4
36, 1003.75pt x 860.21375pt>
File: all_counties_markdown_files/figure-latex/household characteristics-1.pdf 
Graphic file (type pdf)
<use all_counties_markdown_files/figure-latex/household characteristics-1.pdf>
Package pdftex.def Info: all_counties_markdown_files/figure-latex/household cha
racteristics-1.pdf  used on input line 153.
(pdftex.def)             Requested size: 469.75618pt x 402.58104pt.
<all_counties_markdown_files/figure-latex/household characteristics-2.pdf, id=4
37, 1003.75pt x 840.13875pt>
File: all_counties_markdown_files/figure-latex/household characteristics-2.pdf 
Graphic file (type pdf)
<use all_counties_markdown_files/figure-latex/household characteristics-2.pdf>
Package pdftex.def Info: all_counties_markdown_files/figure-latex/household cha
racteristics-2.pdf  used on input line 154.
(pdftex.def)             Requested size: 469.75618pt x 393.18591pt.
<all_counties_markdown_files/figure-latex/household characteristics-3.pdf, id=4
38, 1003.75pt x 619.31375pt>
File: all_counties_markdown_files/figure-latex/household characteristics-3.pdf 
Graphic file (type pdf)
<use all_counties_markdown_files/figure-latex/household characteristics-3.pdf>
Package pdftex.def Info: all_counties_markdown_files/figure-latex/household cha
racteristics-3.pdf  used on input line 155.
(pdftex.def)             Requested size: 469.75618pt x 289.83955pt.
[6 <./all_counties_markdown_files/figure-latex/household characteristics-1.pdf>
] [7 <./all_counties_markdown_files/figure-latex/household characteristics-2.pd
f>]
<all_counties_markdown_files/figure-latex/single mothers map-1.pdf, id=521, 469
.755pt x 325.215pt>
File: all_counties_markdown_files/figure-latex/single mothers map-1.pdf Graphic
 file (type pdf)
<use all_counties_markdown_files/figure-latex/single mothers map-1.pdf>
Package pdftex.def Info: all_counties_markdown_files/figure-latex/single mother
s map-1.pdf  used on input line 157.
(pdftex.def)             Requested size: 469.75386pt x 325.2142pt.
<all_counties_markdown_files/figure-latex/education data tables-1.pdf, id=522, 
1003.75pt x 860.21375pt>
File: all_counties_markdown_files/figure-latex/education data tables-1.pdf Grap
hic file (type pdf)
<use all_counties_markdown_files/figure-latex/education data tables-1.pdf>
Package pdftex.def Info: all_counties_markdown_files/figure-latex/education dat
a tables-1.pdf  used on input line 161.
(pdftex.def)             Requested size: 469.75618pt x 402.58104pt.
<all_counties_markdown_files/figure-latex/education data tables-2.pdf, id=523, 
1003.75pt x 860.21375pt>
File: all_counties_markdown_files/figure-latex/education data tables-2.pdf Grap
hic file (type pdf)
<use all_counties_markdown_files/figure-latex/education data tables-2.pdf>
Package pdftex.def Info: all_counties_markdown_files/figure-latex/education dat
a tables-2.pdf  used on input line 162.
(pdftex.def)             Requested size: 469.75618pt x 402.58104pt.
<all_counties_markdown_files/figure-latex/education data tables-3.pdf, id=524, 
1003.75pt x 659.46375pt>
File: all_counties_markdown_files/figure-latex/education data tables-3.pdf Grap
hic file (type pdf)
<use all_counties_markdown_files/figure-latex/education data tables-3.pdf>
Package pdftex.def Info: all_counties_markdown_files/figure-latex/education dat
a tables-3.pdf  used on input line 163.
(pdftex.def)             Requested size: 469.75618pt x 308.62979pt.
[8 <./all_counties_markdown_files/figure-latex/household characteristics-3.pdf>
 <./all_counties_markdown_files/figure-latex/single mothers map-1.pdf>] [9 <./a
ll_counties_markdown_files/figure-latex/education data tables-1.pdf>] [10 <./al
l_counties_markdown_files/figure-latex/education data tables-2.pdf>]
<all_counties_markdown_files/figure-latex/education maps-1.pdf, id=780, 469.755
pt x 325.215pt>
File: all_counties_markdown_files/figure-latex/education maps-1.pdf Graphic fil
e (type pdf)
<use all_counties_markdown_files/figure-latex/education maps-1.pdf>
Package pdftex.def Info: all_counties_markdown_files/figure-latex/education map
s-1.pdf  used on input line 165.
(pdftex.def)             Requested size: 469.75386pt x 325.2142pt.
<all_counties_markdown_files/figure-latex/education maps-2.pdf, id=781, 469.755
pt x 325.215pt>
File: all_counties_markdown_files/figure-latex/education maps-2.pdf Graphic fil
e (type pdf)
<use all_counties_markdown_files/figure-latex/education maps-2.pdf>
Package pdftex.def Info: all_counties_markdown_files/figure-latex/education map
s-2.pdf  used on input line 166.
(pdftex.def)             Requested size: 469.75386pt x 325.2142pt.

Underfull \hbox (badness 10000) in paragraph at lines 165--167
[][]
 []

[11 <./all_counties_markdown_files/figure-latex/education data tables-3.pdf> <.
/all_counties_markdown_files/figure-latex/education maps-1.pdf>]
<all_counties_markdown_files/figure-latex/Disability data tables-1.pdf, id=948,
 1003.75pt x 860.21375pt>
File: all_counties_markdown_files/figure-latex/Disability data tables-1.pdf Gra
phic file (type pdf)
<use all_counties_markdown_files/figure-latex/Disability data tables-1.pdf>
Package pdftex.def Info: all_counties_markdown_files/figure-latex/Disability da
ta tables-1.pdf  used on input line 168.
(pdftex.def)             Requested size: 469.75618pt x 402.58104pt.
<all_counties_markdown_files/figure-latex/Disability data tables-2.pdf, id=949,
 1003.75pt x 840.13875pt>
File: all_counties_markdown_files/figure-latex/Disability data tables-2.pdf Gra
phic file (type pdf)
<use all_counties_markdown_files/figure-latex/Disability data tables-2.pdf>
Package pdftex.def Info: all_counties_markdown_files/figure-latex/Disability da
ta tables-2.pdf  used on input line 169.
(pdftex.def)             Requested size: 469.75618pt x 393.18591pt.
<all_counties_markdown_files/figure-latex/Disability data tables-3.pdf, id=950,
 1003.75pt x 582.175pt>
File: all_counties_markdown_files/figure-latex/Disability data tables-3.pdf Gra
phic file (type pdf)
<use all_counties_markdown_files/figure-latex/Disability data tables-3.pdf>
Package pdftex.def Info: all_counties_markdown_files/figure-latex/Disability da
ta tables-3.pdf  used on input line 170.
(pdftex.def)             Requested size: 469.75618pt x 272.45857pt.
[12 <./all_counties_markdown_files/figure-latex/education maps-2.pdf>] [13 <./a
ll_counties_markdown_files/figure-latex/Disability data tables-1.pdf>] [14 <./a
ll_counties_markdown_files/figure-latex/Disability data tables-2.pdf>]
<all_counties_markdown_files/figure-latex/Percent Disability Map-1.pdf, id=1165
, 469.755pt x 325.215pt>
File: all_counties_markdown_files/figure-latex/Percent Disability Map-1.pdf Gra
phic file (type pdf)
<use all_counties_markdown_files/figure-latex/Percent Disability Map-1.pdf>
Package pdftex.def Info: all_counties_markdown_files/figure-latex/Percent Disab
ility Map-1.pdf  used on input line 172.
(pdftex.def)             Requested size: 469.75386pt x 325.2142pt.
<all_counties_markdown_files/figure-latex/residence 1 year ago-1.pdf, id=1166, 
1003.75pt x 860.21375pt>
File: all_counties_markdown_files/figure-latex/residence 1 year ago-1.pdf Graph
ic file (type pdf)
<use all_counties_markdown_files/figure-latex/residence 1 year ago-1.pdf>
Package pdftex.def Info: all_counties_markdown_files/figure-latex/residence 1 y
ear ago-1.pdf  used on input line 177.
(pdftex.def)             Requested size: 469.75618pt x 402.58104pt.
<all_counties_markdown_files/figure-latex/residence 1 year ago-2.pdf, id=1167, 
1003.75pt x 840.13875pt>
File: all_counties_markdown_files/figure-latex/residence 1 year ago-2.pdf Graph
ic file (type pdf)
<use all_counties_markdown_files/figure-latex/residence 1 year ago-2.pdf>
Package pdftex.def Info: all_counties_markdown_files/figure-latex/residence 1 y
ear ago-2.pdf  used on input line 178.
(pdftex.def)             Requested size: 469.75618pt x 393.18591pt.
<all_counties_markdown_files/figure-latex/residence 1 year ago-3.pdf, id=1168, 
1003.75pt x 582.175pt>
File: all_counties_markdown_files/figure-latex/residence 1 year ago-3.pdf Graph
ic file (type pdf)
<use all_counties_markdown_files/figure-latex/residence 1 year ago-3.pdf>
Package pdftex.def Info: all_counties_markdown_files/figure-latex/residence 1 y
ear ago-3.pdf  used on input line 179.
(pdftex.def)             Requested size: 469.75618pt x 272.45857pt.
[15 <./all_counties_markdown_files/figure-latex/Disability data tables-3.pdf> <
./all_counties_markdown_files/figure-latex/Percent Disability Map-1.pdf>]
Overfull \vbox (166.1285pt too high) has occurred while \output is active []

[16 <./all_counties_markdown_files/figure-latex/residence 1 year ago-1.pdf> <./
all_counties_markdown_files/figure-latex/residence 1 year ago-2.pdf>]
<all_counties_markdown_files/figure-latex/different state map-1.pdf, id=1413, 4
69.755pt x 325.215pt>
File: all_counties_markdown_files/figure-latex/different state map-1.pdf Graphi
c file (type pdf)
<use all_counties_markdown_files/figure-latex/different state map-1.pdf>
Package pdftex.def Info: all_counties_markdown_files/figure-latex/different sta
te map-1.pdf  used on input line 181.
(pdftex.def)             Requested size: 469.75386pt x 325.2142pt.
<all_counties_markdown_files/figure-latex/birthplace data tables-1.pdf, id=1414
, 1003.75pt x 840.13875pt>
File: all_counties_markdown_files/figure-latex/birthplace data tables-1.pdf Gra
phic file (type pdf)
<use all_counties_markdown_files/figure-latex/birthplace data tables-1.pdf>
Package pdftex.def Info: all_counties_markdown_files/figure-latex/birthplace da
ta tables-1.pdf  used on input line 186.
(pdftex.def)             Requested size: 469.75618pt x 393.18591pt.
<all_counties_markdown_files/figure-latex/birthplace data tables-2.pdf, id=1415
, 1003.75pt x 840.13875pt>
File: all_counties_markdown_files/figure-latex/birthplace data tables-2.pdf Gra
phic file (type pdf)
<use all_counties_markdown_files/figure-latex/birthplace data tables-2.pdf>
Package pdftex.def Info: all_counties_markdown_files/figure-latex/birthplace da
ta tables-2.pdf  used on input line 187.
(pdftex.def)             Requested size: 469.75618pt x 393.18591pt.
<all_counties_markdown_files/figure-latex/birthplace data tables-3.pdf, id=1416
, 1003.75pt x 619.31375pt>
File: all_counties_markdown_files/figure-latex/birthplace data tables-3.pdf Gra
phic file (type pdf)
<use all_counties_markdown_files/figure-latex/birthplace data tables-3.pdf>
Package pdftex.def Info: all_counties_markdown_files/figure-latex/birthplace da
ta tables-3.pdf  used on input line 188.
(pdftex.def)             Requested size: 469.75618pt x 289.83955pt.
[17 <./all_counties_markdown_files/figure-latex/residence 1 year ago-3.pdf> <./
all_counties_markdown_files/figure-latex/different state map-1.pdf>]
Overfull \vbox (160.64445pt too high) has occurred while \output is active []

[18 <./all_counties_markdown_files/figure-latex/birthplace data tables-1.pdf> <
./all_counties_markdown_files/figure-latex/birthplace data tables-2.pdf>]
<all_counties_markdown_files/figure-latex/birthplace map-1.pdf, id=1670, 469.75
5pt x 325.215pt>
File: all_counties_markdown_files/figure-latex/birthplace map-1.pdf Graphic fil
e (type pdf)
<use all_counties_markdown_files/figure-latex/birthplace map-1.pdf>
Package pdftex.def Info: all_counties_markdown_files/figure-latex/birthplace ma
p-1.pdf  used on input line 190.
(pdftex.def)             Requested size: 469.75386pt x 325.2142pt.
<all_counties_markdown_files/figure-latex/foreign born map-1.pdf, id=1671, 469.
755pt x 325.215pt>
File: all_counties_markdown_files/figure-latex/foreign born map-1.pdf Graphic f
ile (type pdf)
<use all_counties_markdown_files/figure-latex/foreign born map-1.pdf>
Package pdftex.def Info: all_counties_markdown_files/figure-latex/foreign born 
map-1.pdf  used on input line 192.
(pdftex.def)             Requested size: 469.75386pt x 325.2142pt.
[19 <./all_counties_markdown_files/figure-latex/birthplace data tables-3.pdf> <
./all_counties_markdown_files/figure-latex/birthplace map-1.pdf>]
<all_counties_markdown_files/figure-latex/language data tables-1.pdf, id=1842, 
1003.75pt x 1081.03876pt>
File: all_counties_markdown_files/figure-latex/language data tables-1.pdf Graph
ic file (type pdf)
<use all_counties_markdown_files/figure-latex/language data tables-1.pdf>
Package pdftex.def Info: all_counties_markdown_files/figure-latex/language data
 tables-1.pdf  used on input line 197.
(pdftex.def)             Requested size: 469.75618pt x 505.9274pt.
<all_counties_markdown_files/figure-latex/language data tables-2.pdf, id=1843, 
1003.75pt x 846.16125pt>
File: all_counties_markdown_files/figure-latex/language data tables-2.pdf Graph
ic file (type pdf)
<use all_counties_markdown_files/figure-latex/language data tables-2.pdf>
Package pdftex.def Info: all_counties_markdown_files/figure-latex/language data
 tables-2.pdf  used on input line 198.
(pdftex.def)             Requested size: 469.75618pt x 396.00446pt.
<all_counties_markdown_files/figure-latex/language data tables-3.pdf, id=1844, 
1003.75pt x 582.175pt>
File: all_counties_markdown_files/figure-latex/language data tables-3.pdf Graph
ic file (type pdf)
<use all_counties_markdown_files/figure-latex/language data tables-3.pdf>
Package pdftex.def Info: all_counties_markdown_files/figure-latex/language data
 tables-3.pdf  used on input line 199.
(pdftex.def)             Requested size: 469.75618pt x 272.45857pt.
[20 <./all_counties_markdown_files/figure-latex/foreign born map-1.pdf>]
Overfull \vbox (276.20448pt too high) has occurred while \output is active []

[21 <./all_counties_markdown_files/figure-latex/language data tables-1.pdf> <./
all_counties_markdown_files/figure-latex/language data tables-2.pdf>]
<all_counties_markdown_files/figure-latex/language map-1.pdf, id=2059, 469.755p
t x 325.215pt>
File: all_counties_markdown_files/figure-latex/language map-1.pdf Graphic file 
(type pdf)
<use all_counties_markdown_files/figure-latex/language map-1.pdf>
Package pdftex.def Info: all_counties_markdown_files/figure-latex/language map-
1.pdf  used on input line 201.
(pdftex.def)             Requested size: 469.75386pt x 325.2142pt.
<all_counties_markdown_files/figure-latex/computers and internet-1.pdf, id=2060
, 1003.75pt x 860.21375pt>
File: all_counties_markdown_files/figure-latex/computers and internet-1.pdf Gra
phic file (type pdf)
<use all_counties_markdown_files/figure-latex/computers and internet-1.pdf>
Package pdftex.def Info: all_counties_markdown_files/figure-latex/computers and
 internet-1.pdf  used on input line 207.
(pdftex.def)             Requested size: 469.75618pt x 402.58104pt.
<all_counties_markdown_files/figure-latex/computers and internet-2.pdf, id=2061
, 1003.75pt x 611.28375pt>
File: all_counties_markdown_files/figure-latex/computers and internet-2.pdf Gra
phic file (type pdf)
<use all_counties_markdown_files/figure-latex/computers and internet-2.pdf>
Package pdftex.def Info: all_counties_markdown_files/figure-latex/computers and
 internet-2.pdf  used on input line 208.
(pdftex.def)             Requested size: 469.75618pt x 286.08151pt.
<all_counties_markdown_files/figure-latex/computers and internet-3.pdf, id=2062
, 1003.75pt x 582.175pt>
File: all_counties_markdown_files/figure-latex/computers and internet-3.pdf Gra
phic file (type pdf)
<use all_counties_markdown_files/figure-latex/computers and internet-3.pdf>
Package pdftex.def Info: all_counties_markdown_files/figure-latex/computers and
 internet-3.pdf  used on input line 209.
(pdftex.def)             Requested size: 469.75618pt x 272.45857pt.
[22 <./all_counties_markdown_files/figure-latex/language data tables-3.pdf> <./
all_counties_markdown_files/figure-latex/language map-1.pdf>]
Overfull \vbox (62.93518pt too high) has occurred while \output is active []

[23 <./all_counties_markdown_files/figure-latex/computers and internet-1.pdf> <
./all_counties_markdown_files/figure-latex/computers and internet-2.pdf>]
<all_counties_markdown_files/figure-latex/internet map-1.pdf, id=2310, 469.755p
t x 325.215pt>
File: all_counties_markdown_files/figure-latex/internet map-1.pdf Graphic file 
(type pdf)
<use all_counties_markdown_files/figure-latex/internet map-1.pdf>
Package pdftex.def Info: all_counties_markdown_files/figure-latex/internet map-
1.pdf  used on input line 211.
(pdftex.def)             Requested size: 469.75386pt x 325.2142pt.
<all_counties_markdown_files/figure-latex/workforce data tables-1.pdf, id=2311,
 1003.75pt x 860.21375pt>
File: all_counties_markdown_files/figure-latex/workforce data tables-1.pdf Grap
hic file (type pdf)
<use all_counties_markdown_files/figure-latex/workforce data tables-1.pdf>
Package pdftex.def Info: all_counties_markdown_files/figure-latex/workforce dat
a tables-1.pdf  used on input line 216.
(pdftex.def)             Requested size: 469.75618pt x 402.58104pt.
<all_counties_markdown_files/figure-latex/workforce data tables-2.pdf, id=2312,
 1003.75pt x 860.21375pt>
File: all_counties_markdown_files/figure-latex/workforce data tables-2.pdf Grap
hic file (type pdf)
<use all_counties_markdown_files/figure-latex/workforce data tables-2.pdf>
Package pdftex.def Info: all_counties_markdown_files/figure-latex/workforce dat
a tables-2.pdf  used on input line 217.
(pdftex.def)             Requested size: 469.75618pt x 402.58104pt.
<all_counties_markdown_files/figure-latex/workforce data tables-3.pdf, id=2313,
 1003.75pt x 679.53876pt>
File: all_counties_markdown_files/figure-latex/workforce data tables-3.pdf Grap
hic file (type pdf)
<use all_counties_markdown_files/figure-latex/workforce data tables-3.pdf>
Package pdftex.def Info: all_counties_markdown_files/figure-latex/workforce dat
a tables-3.pdf  used on input line 218.
(pdftex.def)             Requested size: 469.75618pt x 318.02493pt.
[24 <./all_counties_markdown_files/figure-latex/computers and internet-3.pdf> <
./all_counties_markdown_files/figure-latex/internet map-1.pdf>]
Overfull \vbox (176.63472pt too high) has occurred while \output is active []

[25 <./all_counties_markdown_files/figure-latex/workforce data tables-1.pdf> <.
/all_counties_markdown_files/figure-latex/workforce data tables-2.pdf>]
<all_counties_markdown_files/figure-latex/unemployment map-1.pdf, id=2568, 469.
755pt x 325.215pt>
File: all_counties_markdown_files/figure-latex/unemployment map-1.pdf Graphic f
ile (type pdf)
<use all_counties_markdown_files/figure-latex/unemployment map-1.pdf>
Package pdftex.def Info: all_counties_markdown_files/figure-latex/unemployment 
map-1.pdf  used on input line 220.
(pdftex.def)             Requested size: 469.75386pt x 325.2142pt.
<all_counties_markdown_files/figure-latex/worker transportation data tables-1.p
df, id=2569, 1003.75pt x 860.21375pt>
File: all_counties_markdown_files/figure-latex/worker transportation data table
s-1.pdf Graphic file (type pdf)
<use all_counties_markdown_files/figure-latex/worker transportation data tables
-1.pdf>
Package pdftex.def Info: all_counties_markdown_files/figure-latex/worker transp
ortation data tables-1.pdf  used on input line 226.
(pdftex.def)             Requested size: 469.75618pt x 402.58104pt.
<all_counties_markdown_files/figure-latex/worker transportation data tables-2.p
df, id=2570, 1003.75pt x 840.13875pt>
File: all_counties_markdown_files/figure-latex/worker transportation data table
s-2.pdf Graphic file (type pdf)
<use all_counties_markdown_files/figure-latex/worker transportation data tables
-2.pdf>
Package pdftex.def Info: all_counties_markdown_files/figure-latex/worker transp
ortation data tables-2.pdf  used on input line 227.
(pdftex.def)             Requested size: 469.75618pt x 393.18591pt.
<all_counties_markdown_files/figure-latex/worker transportation data tables-3.p
df, id=2571, 1003.75pt x 582.175pt>
File: all_counties_markdown_files/figure-latex/worker transportation data table
s-3.pdf Graphic file (type pdf)
<use all_counties_markdown_files/figure-latex/worker transportation data tables
-3.pdf>
Package pdftex.def Info: all_counties_markdown_files/figure-latex/worker transp
ortation data tables-3.pdf  used on input line 228.
(pdftex.def)             Requested size: 469.75618pt x 272.45857pt.
[26 <./all_counties_markdown_files/figure-latex/workforce data tables-3.pdf> <.
/all_counties_markdown_files/figure-latex/unemployment map-1.pdf>]
Overfull \vbox (170.03958pt too high) has occurred while \output is active []

[27 <./all_counties_markdown_files/figure-latex/worker transportation data tabl
es-1.pdf> <./all_counties_markdown_files/figure-latex/worker transportation dat
a tables-2.pdf>]
<all_counties_markdown_files/figure-latex/mean commute time map-1.pdf, id=2825,
 469.755pt x 325.215pt>
File: all_counties_markdown_files/figure-latex/mean commute time map-1.pdf Grap
hic file (type pdf)
<use all_counties_markdown_files/figure-latex/mean commute time map-1.pdf>
Package pdftex.def Info: all_counties_markdown_files/figure-latex/mean commute 
time map-1.pdf  used on input line 230.
(pdftex.def)             Requested size: 469.75386pt x 325.2142pt.
<all_counties_markdown_files/figure-latex/percent public transit map-1.pdf, id=
2826, 469.755pt x 325.215pt>
File: all_counties_markdown_files/figure-latex/percent public transit map-1.pdf
 Graphic file (type pdf)
<use all_counties_markdown_files/figure-latex/percent public transit map-1.pdf>

Package pdftex.def Info: all_counties_markdown_files/figure-latex/percent publi
c transit map-1.pdf  used on input line 232.
(pdftex.def)             Requested size: 469.75386pt x 325.2142pt.
[28 <./all_counties_markdown_files/figure-latex/worker transportation data tabl
es-3.pdf> <./all_counties_markdown_files/figure-latex/mean commute time map-1.p
df>]
<all_counties_markdown_files/figure-latex/occupation type data table-1.pdf, id=
2990, 1003.75pt x 860.21375pt>
File: all_counties_markdown_files/figure-latex/occupation type data table-1.pdf
 Graphic file (type pdf)
<use all_counties_markdown_files/figure-latex/occupation type data table-1.pdf>

Package pdftex.def Info: all_counties_markdown_files/figure-latex/occupation ty
pe data table-1.pdf  used on input line 234.
(pdftex.def)             Requested size: 469.75618pt x 402.58104pt.
<all_counties_markdown_files/figure-latex/occupation type data table-2.pdf, id=
2991, 1003.75pt x 860.21375pt>
File: all_counties_markdown_files/figure-latex/occupation type data table-2.pdf
 Graphic file (type pdf)
<use all_counties_markdown_files/figure-latex/occupation type data table-2.pdf>

Package pdftex.def Info: all_counties_markdown_files/figure-latex/occupation ty
pe data table-2.pdf  used on input line 235.
(pdftex.def)             Requested size: 469.75618pt x 402.58104pt.
<all_counties_markdown_files/figure-latex/occupation type data table-3.pdf, id=
2992, 1003.75pt x 582.175pt>
File: all_counties_markdown_files/figure-latex/occupation type data table-3.pdf
 Graphic file (type pdf)
<use all_counties_markdown_files/figure-latex/occupation type data table-3.pdf>

Package pdftex.def Info: all_counties_markdown_files/figure-latex/occupation ty
pe data table-3.pdf  used on input line 236.
(pdftex.def)             Requested size: 469.75618pt x 272.45857pt.
[29 <./all_counties_markdown_files/figure-latex/percent public transit map-1.pd
f>] [30 <./all_counties_markdown_files/figure-latex/occupation type data table-
1.pdf>] [31 <./all_counties_markdown_files/figure-latex/occupation type data ta
ble-2.pdf>]
<all_counties_markdown_files/figure-latex/service industry map-1.pdf, id=3174, 
469.755pt x 325.215pt>
File: all_counties_markdown_files/figure-latex/service industry map-1.pdf Graph
ic file (type pdf)
<use all_counties_markdown_files/figure-latex/service industry map-1.pdf>
Package pdftex.def Info: all_counties_markdown_files/figure-latex/service indus
try map-1.pdf  used on input line 238.
(pdftex.def)             Requested size: 469.75386pt x 325.2142pt.
<all_counties_markdown_files/figure-latex/industry type data table-1.pdf, id=31
75, 1003.75pt x 860.21375pt>
File: all_counties_markdown_files/figure-latex/industry type data table-1.pdf G
raphic file (type pdf)
<use all_counties_markdown_files/figure-latex/industry type data table-1.pdf>
Package pdftex.def Info: all_counties_markdown_files/figure-latex/industry type
 data table-1.pdf  used on input line 240.
(pdftex.def)             Requested size: 469.75618pt x 402.58104pt.
<all_counties_markdown_files/figure-latex/industry type data table-2.pdf, id=31
76, 1003.75pt x 860.21375pt>
File: all_counties_markdown_files/figure-latex/industry type data table-2.pdf G
raphic file (type pdf)
<use all_counties_markdown_files/figure-latex/industry type data table-2.pdf>
Package pdftex.def Info: all_counties_markdown_files/figure-latex/industry type
 data table-2.pdf  used on input line 241.
(pdftex.def)             Requested size: 469.75618pt x 402.58104pt.
<all_counties_markdown_files/figure-latex/industry type data table-3.pdf, id=31
77, 1003.75pt x 659.46375pt>
File: all_counties_markdown_files/figure-latex/industry type data table-3.pdf G
raphic file (type pdf)
<use all_counties_markdown_files/figure-latex/industry type data table-3.pdf>
Package pdftex.def Info: all_counties_markdown_files/figure-latex/industry type
 data table-3.pdf  used on input line 242.
(pdftex.def)             Requested size: 469.75618pt x 308.62979pt.
[32 <./all_counties_markdown_files/figure-latex/occupation type data table-3.pd
f> <./all_counties_markdown_files/figure-latex/service industry map-1.pdf>] [33
 <./all_counties_markdown_files/figure-latex/industry type data table-1.pdf>] [
34 <./all_counties_markdown_files/figure-latex/industry type data table-2.pdf>]
<all_counties_markdown_files/figure-latex/self employed map-1.pdf, id=3424, 469
.755pt x 325.215pt>
File: all_counties_markdown_files/figure-latex/self employed map-1.pdf Graphic 
file (type pdf)
<use all_counties_markdown_files/figure-latex/self employed map-1.pdf>
Package pdftex.def Info: all_counties_markdown_files/figure-latex/self employed
 map-1.pdf  used on input line 244.
(pdftex.def)             Requested size: 469.75386pt x 325.2142pt.
<all_counties_markdown_files/figure-latex/income and benefits data table-1.pdf,
 id=3425, 1003.75pt x 840.13875pt>
File: all_counties_markdown_files/figure-latex/income and benefits data table-1
.pdf Graphic file (type pdf)
<use all_counties_markdown_files/figure-latex/income and benefits data table-1.
pdf>
Package pdftex.def Info: all_counties_markdown_files/figure-latex/income and be
nefits data table-1.pdf  used on input line 249.
(pdftex.def)             Requested size: 469.75618pt x 393.18591pt.
<all_counties_markdown_files/figure-latex/income and benefits data table-2.pdf,
 id=3426, 1003.75pt x 840.13875pt>
File: all_counties_markdown_files/figure-latex/income and benefits data table-2
.pdf Graphic file (type pdf)
<use all_counties_markdown_files/figure-latex/income and benefits data table-2.
pdf>
Package pdftex.def Info: all_counties_markdown_files/figure-latex/income and be
nefits data table-2.pdf  used on input line 250.
(pdftex.def)             Requested size: 469.75618pt x 393.18591pt.
<all_counties_markdown_files/figure-latex/income and benefits data table-3.pdf,
 id=3427, 1003.75pt x 619.31375pt>
File: all_counties_markdown_files/figure-latex/income and benefits data table-3
.pdf Graphic file (type pdf)
<use all_counties_markdown_files/figure-latex/income and benefits data table-3.
pdf>
Package pdftex.def Info: all_counties_markdown_files/figure-latex/income and be
nefits data table-3.pdf  used on input line 251.
(pdftex.def)             Requested size: 469.75618pt x 289.83955pt.
[35 <./all_counties_markdown_files/figure-latex/industry type data table-3.pdf>
 <./all_counties_markdown_files/figure-latex/self employed map-1.pdf>]
Overfull \vbox (157.84447pt too high) has occurred while \output is active []

[36 <./all_counties_markdown_files/figure-latex/income and benefits data table-
1.pdf> <./all_counties_markdown_files/figure-latex/income and benefits data tab
le-2.pdf>]
<all_counties_markdown_files/figure-latex/household income maps-1.pdf, id=3672,
 469.755pt x 325.215pt>
File: all_counties_markdown_files/figure-latex/household income maps-1.pdf Grap
hic file (type pdf)
<use all_counties_markdown_files/figure-latex/household income maps-1.pdf>
Package pdftex.def Info: all_counties_markdown_files/figure-latex/household inc
ome maps-1.pdf  used on input line 257.
(pdftex.def)             Requested size: 469.75386pt x 325.2142pt.
<all_counties_markdown_files/figure-latex/household income maps-2.pdf, id=3673,
 469.755pt x 325.215pt>
File: all_counties_markdown_files/figure-latex/household income maps-2.pdf Grap
hic file (type pdf)
<use all_counties_markdown_files/figure-latex/household income maps-2.pdf>
Package pdftex.def Info: all_counties_markdown_files/figure-latex/household inc
ome maps-2.pdf  used on input line 258.
(pdftex.def)             Requested size: 469.75386pt x 325.2142pt.
<all_counties_markdown_files/figure-latex/household income maps-3.pdf, id=3674,
 469.755pt x 325.215pt>
File: all_counties_markdown_files/figure-latex/household income maps-3.pdf Grap
hic file (type pdf)
<use all_counties_markdown_files/figure-latex/household income maps-3.pdf>
Package pdftex.def Info: all_counties_markdown_files/figure-latex/household inc
ome maps-3.pdf  used on input line 259.
(pdftex.def)             Requested size: 469.75386pt x 325.2142pt.

Underfull \hbox (badness 10000) in paragraph at lines 257--260
[]
 []


Underfull \hbox (badness 10000) in paragraph at lines 257--260
[]
 []

[37 <./all_counties_markdown_files/figure-latex/income and benefits data table-
3.pdf>]
Overfull \vbox (24.70103pt too high) has occurred while \output is active []

[38 <./all_counties_markdown_files/figure-latex/household income maps-1.pdf> <.
/all_counties_markdown_files/figure-latex/household income maps-2.pdf>]
<all_counties_markdown_files/figure-latex/targeted population maps-1.pdf, id=39
92, 469.755pt x 325.215pt>
File: all_counties_markdown_files/figure-latex/targeted population maps-1.pdf G
raphic file (type pdf)
<use all_counties_markdown_files/figure-latex/targeted population maps-1.pdf>
Package pdftex.def Info: all_counties_markdown_files/figure-latex/targeted popu
lation maps-1.pdf  used on input line 265.
(pdftex.def)             Requested size: 469.75386pt x 325.2142pt.
<all_counties_markdown_files/figure-latex/targeted population maps-2.pdf, id=39
93, 469.755pt x 325.215pt>
File: all_counties_markdown_files/figure-latex/targeted population maps-2.pdf G
raphic file (type pdf)
<use all_counties_markdown_files/figure-latex/targeted population maps-2.pdf>
Package pdftex.def Info: all_counties_markdown_files/figure-latex/targeted popu
lation maps-2.pdf  used on input line 266.
(pdftex.def)             Requested size: 469.75386pt x 325.2142pt.
<all_counties_markdown_files/figure-latex/targeted population maps-3.pdf, id=39
94, 469.755pt x 325.215pt>
File: all_counties_markdown_files/figure-latex/targeted population maps-3.pdf G
raphic file (type pdf)
<use all_counties_markdown_files/figure-latex/targeted population maps-3.pdf>
Package pdftex.def Info: all_counties_markdown_files/figure-latex/targeted popu
lation maps-3.pdf  used on input line 267.
(pdftex.def)             Requested size: 469.75386pt x 325.2142pt.
<all_counties_markdown_files/figure-latex/targeted population maps-4.pdf, id=39
95, 469.755pt x 325.215pt>
File: all_counties_markdown_files/figure-latex/targeted population maps-4.pdf G
raphic file (type pdf)
<use all_counties_markdown_files/figure-latex/targeted population maps-4.pdf>
Package pdftex.def Info: all_counties_markdown_files/figure-latex/targeted popu
lation maps-4.pdf  used on input line 268.
(pdftex.def)             Requested size: 469.75386pt x 325.2142pt.
<all_counties_markdown_files/figure-latex/targeted population maps-5.pdf, id=39
96, 469.755pt x 325.215pt>
File: all_counties_markdown_files/figure-latex/targeted population maps-5.pdf G
raphic file (type pdf)
<use all_counties_markdown_files/figure-latex/targeted population maps-5.pdf>
Package pdftex.def Info: all_counties_markdown_files/figure-latex/targeted popu
lation maps-5.pdf  used on input line 269.
(pdftex.def)             Requested size: 469.75386pt x 325.2142pt.

Underfull \hbox (badness 10000) in paragraph at lines 265--270
[]
 []


Underfull \hbox (badness 10000) in paragraph at lines 265--270
[]
 []


Underfull \hbox (badness 10000) in paragraph at lines 265--270
[]
 []


Underfull \hbox (badness 10000) in paragraph at lines 265--270
[]
 []

[39 <./all_counties_markdown_files/figure-latex/household income maps-3.pdf>]
Overfull \vbox (24.70103pt too high) has occurred while \output is active []

[40 <./all_counties_markdown_files/figure-latex/targeted population maps-1.pdf>
 <./all_counties_markdown_files/figure-latex/targeted population maps-2.pdf>] [
41 <./all_counties_markdown_files/figure-latex/targeted population maps-3.pdf>]
[42 <./all_counties_markdown_files/figure-latex/targeted population maps-4.pdf>
]
<all_counties_markdown_files/figure-latex/health insurance data tables-1.pdf, i
d=4755, 1003.75pt x 860.21375pt>
File: all_counties_markdown_files/figure-latex/health insurance data tables-1.p
df Graphic file (type pdf)
<use all_counties_markdown_files/figure-latex/health insurance data tables-1.pd
f>
Package pdftex.def Info: all_counties_markdown_files/figure-latex/health insura
nce data tables-1.pdf  used on input line 274.
(pdftex.def)             Requested size: 469.75618pt x 402.58104pt.
<all_counties_markdown_files/figure-latex/health insurance data tables-2.pdf, i
d=4756, 1003.75pt x 840.13875pt>
File: all_counties_markdown_files/figure-latex/health insurance data tables-2.p
df Graphic file (type pdf)
<use all_counties_markdown_files/figure-latex/health insurance data tables-2.pd
f>
Package pdftex.def Info: all_counties_markdown_files/figure-latex/health insura
nce data tables-2.pdf  used on input line 275.
(pdftex.def)             Requested size: 469.75618pt x 393.18591pt.
<all_counties_markdown_files/figure-latex/health insurance data tables-3.pdf, i
d=4757, 1003.75pt x 619.31375pt>
File: all_counties_markdown_files/figure-latex/health insurance data tables-3.p
df Graphic file (type pdf)
<use all_counties_markdown_files/figure-latex/health insurance data tables-3.pd
f>
Package pdftex.def Info: all_counties_markdown_files/figure-latex/health insura
nce data tables-3.pdf  used on input line 276.
(pdftex.def)             Requested size: 469.75618pt x 289.83955pt.
[43 <./all_counties_markdown_files/figure-latex/targeted population maps-5.pdf>
]
Overfull \vbox (167.2396pt too high) has occurred while \output is active []

[44 <./all_counties_markdown_files/figure-latex/health insurance data tables-1.
pdf> <./all_counties_markdown_files/figure-latex/health insurance data tables-2
.pdf>]
<all_counties_markdown_files/figure-latex/uninsured map-1.pdf, id=5139, 469.755
pt x 325.215pt>
File: all_counties_markdown_files/figure-latex/uninsured map-1.pdf Graphic file
 (type pdf)
<use all_counties_markdown_files/figure-latex/uninsured map-1.pdf>
Package pdftex.def Info: all_counties_markdown_files/figure-latex/uninsured map
-1.pdf  used on input line 281.
(pdftex.def)             Requested size: 469.75386pt x 325.2142pt.
[45 <./all_counties_markdown_files/figure-latex/health insurance data tables-3.
pdf>]
<all_counties_markdown_files/figure-latex/publically insured map-1.pdf, id=5181
, 469.755pt x 325.215pt>
File: all_counties_markdown_files/figure-latex/publically insured map-1.pdf Gra
phic file (type pdf)
<use all_counties_markdown_files/figure-latex/publically insured map-1.pdf>
Package pdftex.def Info: all_counties_markdown_files/figure-latex/publically in
sured map-1.pdf  used on input line 286.
(pdftex.def)             Requested size: 469.75386pt x 325.2142pt.
[46 <./all_counties_markdown_files/figure-latex/uninsured map-1.pdf>]
<all_counties_markdown_files/figure-latex/poverty data tables-1.pdf, id=5323, 1
003.75pt x 1081.03876pt>
File: all_counties_markdown_files/figure-latex/poverty data tables-1.pdf Graphi
c file (type pdf)
<use all_counties_markdown_files/figure-latex/poverty data tables-1.pdf>
Package pdftex.def Info: all_counties_markdown_files/figure-latex/poverty data 
tables-1.pdf  used on input line 291.
(pdftex.def)             Requested size: 469.75618pt x 505.9274pt.
<all_counties_markdown_files/figure-latex/poverty data tables-2.pdf, id=5324, 1
003.75pt x 1081.03876pt>
File: all_counties_markdown_files/figure-latex/poverty data tables-2.pdf Graphi
c file (type pdf)
<use all_counties_markdown_files/figure-latex/poverty data tables-2.pdf>
Package pdftex.def Info: all_counties_markdown_files/figure-latex/poverty data 
tables-2.pdf  used on input line 292.
(pdftex.def)             Requested size: 469.75618pt x 505.9274pt.
<all_counties_markdown_files/figure-latex/poverty data tables-3.pdf, id=5325, 1
003.75pt x 779.91376pt>
File: all_counties_markdown_files/figure-latex/poverty data tables-3.pdf Graphi
c file (type pdf)
<use all_counties_markdown_files/figure-latex/poverty data tables-3.pdf>
Package pdftex.def Info: all_counties_markdown_files/figure-latex/poverty data 
tables-3.pdf  used on input line 293.
(pdftex.def)             Requested size: 469.75618pt x 365.00055pt.
[47 <./all_counties_markdown_files/figure-latex/publically insured map-1.pdf>]
Overfull \vbox (386.12743pt too high) has occurred while \output is active []

[48 <./all_counties_markdown_files/figure-latex/poverty data tables-1.pdf> <./a
ll_counties_markdown_files/figure-latex/poverty data tables-2.pdf>]
<all_counties_markdown_files/figure-latex/poverty map 1 -1.pdf, id=5541, 469.75
5pt x 325.215pt>
File: all_counties_markdown_files/figure-latex/poverty map 1 -1.pdf Graphic fil
e (type pdf)
<use all_counties_markdown_files/figure-latex/poverty map 1 -1.pdf>
Package pdftex.def Info: all_counties_markdown_files/figure-latex/poverty map 1
 -1.pdf  used on input line 295.
(pdftex.def)             Requested size: 469.75386pt x 325.2142pt.
[49 <./all_counties_markdown_files/figure-latex/poverty data tables-3.pdf>]
<all_counties_markdown_files/figure-latex/all families in poverty-1.pdf, id=558
3, 469.755pt x 325.215pt>
File: all_counties_markdown_files/figure-latex/all families in poverty-1.pdf Gr
aphic file (type pdf)
<use all_counties_markdown_files/figure-latex/all families in poverty-1.pdf>
Package pdftex.def Info: all_counties_markdown_files/figure-latex/all families 
in poverty-1.pdf  used on input line 297.
(pdftex.def)             Requested size: 469.75386pt x 325.2142pt.
[50 <./all_counties_markdown_files/figure-latex/poverty map 1 -1.pdf>]
<all_counties_markdown_files/figure-latex/housing units data table-1.pdf, id=57
11, 1003.75pt x 840.13875pt>
File: all_counties_markdown_files/figure-latex/housing units data table-1.pdf G
raphic file (type pdf)
<use all_counties_markdown_files/figure-latex/housing units data table-1.pdf>
Package pdftex.def Info: all_counties_markdown_files/figure-latex/housing units
 data table-1.pdf  used on input line 302.
(pdftex.def)             Requested size: 469.75618pt x 393.18591pt.
<all_counties_markdown_files/figure-latex/housing units data table-2.pdf, id=57
12, 1003.75pt x 619.31375pt>
File: all_counties_markdown_files/figure-latex/housing units data table-2.pdf G
raphic file (type pdf)
<use all_counties_markdown_files/figure-latex/housing units data table-2.pdf>
Package pdftex.def Info: all_counties_markdown_files/figure-latex/housing units
 data table-2.pdf  used on input line 303.
(pdftex.def)             Requested size: 469.75618pt x 289.83955pt.
<all_counties_markdown_files/figure-latex/housing units data table-3.pdf, id=57
13, 1003.75pt x 619.31375pt>
File: all_counties_markdown_files/figure-latex/housing units data table-3.pdf G
raphic file (type pdf)
<use all_counties_markdown_files/figure-latex/housing units data table-3.pdf>
Package pdftex.def Info: all_counties_markdown_files/figure-latex/housing units
 data table-3.pdf  used on input line 304.
(pdftex.def)             Requested size: 469.75618pt x 289.83955pt.
[51 <./all_counties_markdown_files/figure-latex/all families in poverty-1.pdf>]

Overfull \vbox (57.2981pt too high) has occurred while \output is active []

[52 <./all_counties_markdown_files/figure-latex/housing units data table-1.pdf>
 <./all_counties_markdown_files/figure-latex/housing units data table-2.pdf>]
<all_counties_markdown_files/figure-latex/renter map-1.pdf, id=5928, 469.755pt 
x 325.215pt>
File: all_counties_markdown_files/figure-latex/renter map-1.pdf Graphic file (t
ype pdf)
<use all_counties_markdown_files/figure-latex/renter map-1.pdf>
Package pdftex.def Info: all_counties_markdown_files/figure-latex/renter map-1.
pdf  used on input line 306.
(pdftex.def)             Requested size: 469.75386pt x 325.2142pt.
<all_counties_markdown_files/figure-latex/rental vacancy map-1.pdf, id=5929, 46
9.755pt x 325.215pt>
File: all_counties_markdown_files/figure-latex/rental vacancy map-1.pdf Graphic
 file (type pdf)
<use all_counties_markdown_files/figure-latex/rental vacancy map-1.pdf>
Package pdftex.def Info: all_counties_markdown_files/figure-latex/rental vacanc
y map-1.pdf  used on input line 308.
(pdftex.def)             Requested size: 469.75386pt x 325.2142pt.
[53 <./all_counties_markdown_files/figure-latex/housing units data table-3.pdf>
 <./all_counties_markdown_files/figure-latex/renter map-1.pdf>]
<all_counties_markdown_files/figure-latex/housing affordability data tables-1.p
df, id=6099, 1003.75pt x 860.21375pt>
File: all_counties_markdown_files/figure-latex/housing affordability data table
s-1.pdf Graphic file (type pdf)
<use all_counties_markdown_files/figure-latex/housing affordability data tables
-1.pdf>
Package pdftex.def Info: all_counties_markdown_files/figure-latex/housing affor
dability data tables-1.pdf  used on input line 313.
(pdftex.def)             Requested size: 469.75618pt x 402.58104pt.
<all_counties_markdown_files/figure-latex/housing affordability data tables-2.p
df, id=6100, 1003.75pt x 840.13875pt>
File: all_counties_markdown_files/figure-latex/housing affordability data table
s-2.pdf Graphic file (type pdf)
<use all_counties_markdown_files/figure-latex/housing affordability data tables
-2.pdf>
Package pdftex.def Info: all_counties_markdown_files/figure-latex/housing affor
dability data tables-2.pdf  used on input line 314.
(pdftex.def)             Requested size: 469.75618pt x 393.18591pt.
<all_counties_markdown_files/figure-latex/housing affordability data tables-3.p
df, id=6101, 1003.75pt x 619.31375pt>
File: all_counties_markdown_files/figure-latex/housing affordability data table
s-3.pdf Graphic file (type pdf)
<use all_counties_markdown_files/figure-latex/housing affordability data tables
-3.pdf>
Package pdftex.def Info: all_counties_markdown_files/figure-latex/housing affor
dability data tables-3.pdf  used on input line 315.
(pdftex.def)             Requested size: 469.75618pt x 289.83955pt.
[54 <./all_counties_markdown_files/figure-latex/rental vacancy map-1.pdf>]
Overfull \vbox (170.03958pt too high) has occurred while \output is active []

[55 <./all_counties_markdown_files/figure-latex/housing affordability data tabl
es-1.pdf> <./all_counties_markdown_files/figure-latex/housing affordability dat
a tables-2.pdf>]
<all_counties_markdown_files/figure-latex/median rent map-1.pdf, id=6317, 469.7
55pt x 325.215pt>
File: all_counties_markdown_files/figure-latex/median rent map-1.pdf Graphic fi
le (type pdf)
<use all_counties_markdown_files/figure-latex/median rent map-1.pdf>
Package pdftex.def Info: all_counties_markdown_files/figure-latex/median rent m
ap-1.pdf  used on input line 317.
(pdftex.def)             Requested size: 469.75386pt x 325.2142pt.
! Missing endcsname inserted.
<to be read again> 
                   %
l.319 .../figure-latex/grapi above 30\% map-1.pdf}
                                                   
Here is how much of TeX's memory you used:
 13613 strings out of 481545
 230601 string characters out of 2910680
 481100 words of memory out of 3000000
 28454 multiletter control sequences out of 15000+200000
 563779 words of font info for 60 fonts, out of 3000000 for 9000
 1141 hyphenation exceptions out of 8191
 41i,6n,42p,822b,447s stack positions out of 5000i,500n,10000p,200000b,50000s

!  ==> Fatal error occurred, no output PDF file produced!
